<?xml version="1.0" encoding="UTF-8"?>
<testng-results ignored="0" total="14" passed="14" failed="0" skipped="0">
  <reporter-output>
  </reporter-output>
  <suite started-at="2023-04-27T07:48:38 IST" name="Suite" finished-at="2023-04-27T07:52:31 IST" duration-ms="233003">
    <groups>
    </groups>
    <test started-at="2023-04-27T07:48:38 IST" name="Test" finished-at="2023-04-27T07:52:31 IST" duration-ms="233003">
      <class name="com.tutorialsninja.qa.testcases.Search">
        <test-method is-config="true" signature="setUp()[pri:0, instance:com.tutorialsninja.qa.testcases.Search@30c15d8b]" started-at="2023-04-27T07:52:00 IST" name="setUp" finished-at="2023-04-27T07:52:10 IST" duration-ms="9388" status="PASS">
          <reporter-output>
          </reporter-output>
        </test-method> <!-- setUp -->
        <test-method signature="verifySearchWithValidProduct()[pri:1, instance:com.tutorialsninja.qa.testcases.Search@30c15d8b]" started-at="2023-04-27T07:52:10 IST" name="verifySearchWithValidProduct" finished-at="2023-04-27T07:52:12 IST" duration-ms="2102" status="PASS">
          <reporter-output>
          </reporter-output>
        </test-method> <!-- verifySearchWithValidProduct -->
        <test-method is-config="true" signature="tearDown()[pri:0, instance:com.tutorialsninja.qa.testcases.Search@30c15d8b]" started-at="2023-04-27T07:52:12 IST" name="tearDown" finished-at="2023-04-27T07:52:13 IST" duration-ms="1030" status="PASS">
          <reporter-output>
          </reporter-output>
        </test-method> <!-- tearDown -->
        <test-method is-config="true" signature="setUp()[pri:0, instance:com.tutorialsninja.qa.testcases.Search@30c15d8b]" started-at="2023-04-27T07:52:13 IST" name="setUp" finished-at="2023-04-27T07:52:20 IST" duration-ms="6711" status="PASS">
          <reporter-output>
          </reporter-output>
        </test-method> <!-- setUp -->
        <test-method signature="verifySearchWithInvalidProduct()[pri:2, instance:com.tutorialsninja.qa.testcases.Search@30c15d8b]" started-at="2023-04-27T07:52:20 IST" name="verifySearchWithInvalidProduct" finished-at="2023-04-27T07:52:21 IST" duration-ms="1672" status="PASS">
          <reporter-output>
          </reporter-output>
        </test-method> <!-- verifySearchWithInvalidProduct -->
        <test-method is-config="true" signature="tearDown()[pri:0, instance:com.tutorialsninja.qa.testcases.Search@30c15d8b]" started-at="2023-04-27T07:52:21 IST" name="tearDown" finished-at="2023-04-27T07:52:23 IST" duration-ms="1103" status="PASS">
          <reporter-output>
          </reporter-output>
        </test-method> <!-- tearDown -->
        <test-method is-config="true" signature="setUp()[pri:0, instance:com.tutorialsninja.qa.testcases.Search@30c15d8b]" started-at="2023-04-27T07:52:23 IST" name="setUp" finished-at="2023-04-27T07:52:29 IST" duration-ms="6736" status="PASS">
          <reporter-output>
          </reporter-output>
        </test-method> <!-- setUp -->
        <test-method signature="verifySearchWithoutAnyProduct()[pri:3, instance:com.tutorialsninja.qa.testcases.Search@30c15d8b]" started-at="2023-04-27T07:52:29 IST" name="verifySearchWithoutAnyProduct" finished-at="2023-04-27T07:52:30 IST" depends-on-methods="com.tutorialsninja.qa.testcases.Search.verifySearchWithInvalidProduct" duration-ms="941" status="PASS">
          <reporter-output>
          </reporter-output>
        </test-method> <!-- verifySearchWithoutAnyProduct -->
        <test-method is-config="true" signature="tearDown()[pri:0, instance:com.tutorialsninja.qa.testcases.Search@30c15d8b]" started-at="2023-04-27T07:52:30 IST" name="tearDown" finished-at="2023-04-27T07:52:31 IST" duration-ms="821" status="PASS">
          <reporter-output>
          </reporter-output>
        </test-method> <!-- tearDown -->
      </class> <!-- com.tutorialsninja.qa.testcases.Search -->
      <class name="com.tutorialsninja.qa.testcases.Register">
        <test-method is-config="true" signature="setUp()[pri:0, instance:com.tutorialsninja.qa.testcases.Register@74235045]" started-at="2023-04-27T07:51:00 IST" name="setUp" finished-at="2023-04-27T07:51:10 IST" duration-ms="9751" status="PASS">
          <reporter-output>
          </reporter-output>
        </test-method> <!-- setUp -->
        <test-method signature="verifyRegisteringAnAccountWithMandotoryFeilds()[pri:1, instance:com.tutorialsninja.qa.testcases.Register@74235045]" started-at="2023-04-27T07:51:10 IST" name="verifyRegisteringAnAccountWithMandotoryFeilds" finished-at="2023-04-27T07:51:14 IST" duration-ms="4083" status="PASS">
          <reporter-output>
          </reporter-output>
        </test-method> <!-- verifyRegisteringAnAccountWithMandotoryFeilds -->
        <test-method is-config="true" signature="tearDown()[pri:0, instance:com.tutorialsninja.qa.testcases.Register@74235045]" started-at="2023-04-27T07:51:14 IST" name="tearDown" finished-at="2023-04-27T07:51:15 IST" duration-ms="1443" status="PASS">
          <reporter-output>
          </reporter-output>
        </test-method> <!-- tearDown -->
        <test-method is-config="true" signature="setUp()[pri:0, instance:com.tutorialsninja.qa.testcases.Register@74235045]" started-at="2023-04-27T07:51:15 IST" name="setUp" finished-at="2023-04-27T07:51:26 IST" duration-ms="10159" status="PASS">
          <reporter-output>
          </reporter-output>
        </test-method> <!-- setUp -->
        <test-method signature="verifyRegisteringAccountwithAllFeilds()[pri:2, instance:com.tutorialsninja.qa.testcases.Register@74235045]" started-at="2023-04-27T07:51:26 IST" name="verifyRegisteringAccountwithAllFeilds" finished-at="2023-04-27T07:51:29 IST" duration-ms="3627" status="PASS">
          <reporter-output>
          </reporter-output>
        </test-method> <!-- verifyRegisteringAccountwithAllFeilds -->
        <test-method is-config="true" signature="tearDown()[pri:0, instance:com.tutorialsninja.qa.testcases.Register@74235045]" started-at="2023-04-27T07:51:29 IST" name="tearDown" finished-at="2023-04-27T07:51:30 IST" duration-ms="1143" status="PASS">
          <reporter-output>
          </reporter-output>
        </test-method> <!-- tearDown -->
        <test-method is-config="true" signature="setUp()[pri:0, instance:com.tutorialsninja.qa.testcases.Register@74235045]" started-at="2023-04-27T07:51:30 IST" name="setUp" finished-at="2023-04-27T07:51:40 IST" duration-ms="9843" status="PASS">
          <reporter-output>
          </reporter-output>
        </test-method> <!-- setUp -->
        <test-method signature="verifyRegisteringAccountWithExistingEmailAddress()[pri:3, instance:com.tutorialsninja.qa.testcases.Register@74235045]" started-at="2023-04-27T07:51:40 IST" name="verifyRegisteringAccountWithExistingEmailAddress" finished-at="2023-04-27T07:51:43 IST" duration-ms="2762" status="PASS">
          <reporter-output>
          </reporter-output>
        </test-method> <!-- verifyRegisteringAccountWithExistingEmailAddress -->
        <test-method is-config="true" signature="tearDown()[pri:0, instance:com.tutorialsninja.qa.testcases.Register@74235045]" started-at="2023-04-27T07:51:43 IST" name="tearDown" finished-at="2023-04-27T07:51:44 IST" duration-ms="1195" status="PASS">
          <reporter-output>
          </reporter-output>
        </test-method> <!-- tearDown -->
        <test-method is-config="true" signature="setUp()[pri:0, instance:com.tutorialsninja.qa.testcases.Register@74235045]" started-at="2023-04-27T07:51:44 IST" name="setUp" finished-at="2023-04-27T07:51:58 IST" duration-ms="13397" status="PASS">
          <reporter-output>
          </reporter-output>
        </test-method> <!-- setUp -->
        <test-method signature="verifyRegisteringAccountWithoutEnteringAnyFeilds()[pri:4, instance:com.tutorialsninja.qa.testcases.Register@74235045]" started-at="2023-04-27T07:51:58 IST" name="verifyRegisteringAccountWithoutEnteringAnyFeilds" finished-at="2023-04-27T07:51:59 IST" duration-ms="1669" status="PASS">
          <reporter-output>
          </reporter-output>
        </test-method> <!-- verifyRegisteringAccountWithoutEnteringAnyFeilds -->
        <test-method is-config="true" signature="tearDown()[pri:0, instance:com.tutorialsninja.qa.testcases.Register@74235045]" started-at="2023-04-27T07:51:59 IST" name="tearDown" finished-at="2023-04-27T07:52:00 IST" duration-ms="1268" status="PASS">
          <reporter-output>
          </reporter-output>
        </test-method> <!-- tearDown -->
      </class> <!-- com.tutorialsninja.qa.testcases.Register -->
      <class name="com.tutorialsninja.qa.testcases.Login">
        <test-method is-config="true" signature="setUp()[pri:0, instance:com.tutorialsninja.qa.testcases.Login@18078bef]" started-at="2023-04-27T07:48:42 IST" name="setUp" finished-at="2023-04-27T07:49:28 IST" duration-ms="45494" status="PASS">
          <reporter-output>
          </reporter-output>
        </test-method> <!-- setUp -->
        <test-method signature="verifyLoginWithValidCredentials(java.lang.String,java.lang.String)[pri:1, instance:com.tutorialsninja.qa.testcases.Login@18078bef]" started-at="2023-04-27T07:49:28 IST" name="verifyLoginWithValidCredentials" data-provider="validCredentialsSupplier" finished-at="2023-04-27T07:49:31 IST" duration-ms="3443" status="PASS">
          <params>
            <param index="0">
              <value>
                <![CDATA[pavamkumar167@gmail.com]]>
              </value>
            </param>
            <param index="1">
              <value>
                <![CDATA[Pk@111777]]>
              </value>
            </param>
          </params>
          <reporter-output>
          </reporter-output>
        </test-method> <!-- verifyLoginWithValidCredentials -->
        <test-method is-config="true" signature="tearDown()[pri:0, instance:com.tutorialsninja.qa.testcases.Login@18078bef]" started-at="2023-04-27T07:49:31 IST" name="tearDown" finished-at="2023-04-27T07:49:33 IST" duration-ms="1549" status="PASS">
          <reporter-output>
          </reporter-output>
        </test-method> <!-- tearDown -->
        <test-method is-config="true" signature="setUp()[pri:0, instance:com.tutorialsninja.qa.testcases.Login@18078bef]" started-at="2023-04-27T07:49:33 IST" name="setUp" finished-at="2023-04-27T07:49:44 IST" duration-ms="11129" status="PASS">
          <reporter-output>
          </reporter-output>
        </test-method> <!-- setUp -->
        <test-method signature="verifyLoginWithValidCredentials(java.lang.String,java.lang.String)[pri:1, instance:com.tutorialsninja.qa.testcases.Login@18078bef]" started-at="2023-04-27T07:49:44 IST" name="verifyLoginWithValidCredentials" data-provider="validCredentialsSupplier" finished-at="2023-04-27T07:49:46 IST" duration-ms="2593" status="PASS">
          <params>
            <param index="0">
              <value>
                <![CDATA[pavan_m1177@gmail.com]]>
              </value>
            </param>
            <param index="1">
              <value>
                <![CDATA[Pk@111777]]>
              </value>
            </param>
          </params>
          <reporter-output>
          </reporter-output>
        </test-method> <!-- verifyLoginWithValidCredentials -->
        <test-method is-config="true" signature="tearDown()[pri:0, instance:com.tutorialsninja.qa.testcases.Login@18078bef]" started-at="2023-04-27T07:49:46 IST" name="tearDown" finished-at="2023-04-27T07:49:47 IST" duration-ms="928" status="PASS">
          <reporter-output>
          </reporter-output>
        </test-method> <!-- tearDown -->
        <test-method is-config="true" signature="setUp()[pri:0, instance:com.tutorialsninja.qa.testcases.Login@18078bef]" started-at="2023-04-27T07:49:47 IST" name="setUp" finished-at="2023-04-27T07:49:59 IST" duration-ms="11201" status="PASS">
          <reporter-output>
          </reporter-output>
        </test-method> <!-- setUp -->
        <test-method signature="verifyLoginWithValidCredentials(java.lang.String,java.lang.String)[pri:1, instance:com.tutorialsninja.qa.testcases.Login@18078bef]" started-at="2023-04-27T07:49:59 IST" name="verifyLoginWithValidCredentials" data-provider="validCredentialsSupplier" finished-at="2023-04-27T07:50:01 IST" duration-ms="2545" status="PASS">
          <params>
            <param index="0">
              <value>
                <![CDATA[pavan__m1177@gmail.com]]>
              </value>
            </param>
            <param index="1">
              <value>
                <![CDATA[Pk@111777]]>
              </value>
            </param>
          </params>
          <reporter-output>
          </reporter-output>
        </test-method> <!-- verifyLoginWithValidCredentials -->
        <test-method is-config="true" signature="tearDown()[pri:0, instance:com.tutorialsninja.qa.testcases.Login@18078bef]" started-at="2023-04-27T07:50:01 IST" name="tearDown" finished-at="2023-04-27T07:50:02 IST" duration-ms="1108" status="PASS">
          <reporter-output>
          </reporter-output>
        </test-method> <!-- tearDown -->
        <test-method is-config="true" signature="setUp()[pri:0, instance:com.tutorialsninja.qa.testcases.Login@18078bef]" started-at="2023-04-27T07:50:02 IST" name="setUp" finished-at="2023-04-27T07:50:14 IST" duration-ms="11554" status="PASS">
          <reporter-output>
          </reporter-output>
        </test-method> <!-- setUp -->
        <test-method signature="verifyLoginWithInValidCredentials()[pri:2, instance:com.tutorialsninja.qa.testcases.Login@18078bef]" started-at="2023-04-27T07:50:14 IST" name="verifyLoginWithInValidCredentials" finished-at="2023-04-27T07:50:17 IST" duration-ms="2917" status="PASS">
          <reporter-output>
          </reporter-output>
        </test-method> <!-- verifyLoginWithInValidCredentials -->
        <test-method is-config="true" signature="tearDown()[pri:0, instance:com.tutorialsninja.qa.testcases.Login@18078bef]" started-at="2023-04-27T07:50:17 IST" name="tearDown" finished-at="2023-04-27T07:50:18 IST" duration-ms="953" status="PASS">
          <reporter-output>
          </reporter-output>
        </test-method> <!-- tearDown -->
        <test-method is-config="true" signature="setUp()[pri:0, instance:com.tutorialsninja.qa.testcases.Login@18078bef]" started-at="2023-04-27T07:50:18 IST" name="setUp" finished-at="2023-04-27T07:50:29 IST" duration-ms="11180" status="PASS">
          <reporter-output>
          </reporter-output>
        </test-method> <!-- setUp -->
        <test-method signature="verifyinvalidEmailandValidPassword()[pri:3, instance:com.tutorialsninja.qa.testcases.Login@18078bef]" started-at="2023-04-27T07:50:29 IST" name="verifyinvalidEmailandValidPassword" finished-at="2023-04-27T07:50:32 IST" duration-ms="2582" status="PASS">
          <reporter-output>
          </reporter-output>
        </test-method> <!-- verifyinvalidEmailandValidPassword -->
        <test-method is-config="true" signature="tearDown()[pri:0, instance:com.tutorialsninja.qa.testcases.Login@18078bef]" started-at="2023-04-27T07:50:32 IST" name="tearDown" finished-at="2023-04-27T07:50:33 IST" duration-ms="1333" status="PASS">
          <reporter-output>
          </reporter-output>
        </test-method> <!-- tearDown -->
        <test-method is-config="true" signature="setUp()[pri:0, instance:com.tutorialsninja.qa.testcases.Login@18078bef]" started-at="2023-04-27T07:50:33 IST" name="setUp" finished-at="2023-04-27T07:50:44 IST" duration-ms="10820" status="PASS">
          <reporter-output>
          </reporter-output>
        </test-method> <!-- setUp -->
        <test-method signature="verifyValidEmailandInavalidPassword()[pri:4, instance:com.tutorialsninja.qa.testcases.Login@18078bef]" started-at="2023-04-27T07:50:44 IST" name="verifyValidEmailandInavalidPassword" finished-at="2023-04-27T07:50:46 IST" duration-ms="2742" status="PASS">
          <reporter-output>
          </reporter-output>
        </test-method> <!-- verifyValidEmailandInavalidPassword -->
        <test-method is-config="true" signature="tearDown()[pri:0, instance:com.tutorialsninja.qa.testcases.Login@18078bef]" started-at="2023-04-27T07:50:46 IST" name="tearDown" finished-at="2023-04-27T07:50:47 IST" duration-ms="895" status="PASS">
          <reporter-output>
          </reporter-output>
        </test-method> <!-- tearDown -->
        <test-method is-config="true" signature="setUp()[pri:0, instance:com.tutorialsninja.qa.testcases.Login@18078bef]" started-at="2023-04-27T07:50:47 IST" name="setUp" finished-at="2023-04-27T07:50:58 IST" duration-ms="10872" status="PASS">
          <reporter-output>
          </reporter-output>
        </test-method> <!-- setUp -->
        <test-method signature="verifyLoginWithoutCredentials()[pri:5, instance:com.tutorialsninja.qa.testcases.Login@18078bef]" started-at="2023-04-27T07:50:58 IST" name="verifyLoginWithoutCredentials" finished-at="2023-04-27T07:50:59 IST" duration-ms="893" status="PASS">
          <reporter-output>
          </reporter-output>
        </test-method> <!-- verifyLoginWithoutCredentials -->
        <test-method is-config="true" signature="tearDown()[pri:0, instance:com.tutorialsninja.qa.testcases.Login@18078bef]" started-at="2023-04-27T07:50:59 IST" name="tearDown" finished-at="2023-04-27T07:51:00 IST" duration-ms="960" status="PASS">
          <reporter-output>
          </reporter-output>
        </test-method> <!-- tearDown -->
      </class> <!-- com.tutorialsninja.qa.testcases.Login -->
    </test> <!-- Test -->
  </suite> <!-- Suite -->
</testng-results>
